0 info it worked if it ends with ok
1 verbose cli [ 'D:\\Program Files\\nodejs\\node.exe',
1 verbose cli   'D:\\Program Files\\nodejs\\node_modules\\npm\\bin\\npm-cli.js',
1 verbose cli   'install',
1 verbose cli   'koa-filter' ]
2 info using npm@2.14.2
3 info using node@v4.0.0
4 verbose install initial load of G:\git\scaujiwei\package.json
5 verbose installManyTop reading scoped package data from G:\git\scaujiwei\node_modules\async\package.json
6 verbose installManyTop reading scoped package data from G:\git\scaujiwei\node_modules\body-parser\package.json
7 verbose installManyTop reading scoped package data from G:\git\scaujiwei\node_modules\connect-mongo\package.json
8 verbose installManyTop reading scoped package data from G:\git\scaujiwei\node_modules\cookie-parser\package.json
9 verbose installManyTop reading scoped package data from G:\git\scaujiwei\node_modules\cors\package.json
10 verbose installManyTop reading scoped package data from G:\git\scaujiwei\node_modules\debug\package.json
11 verbose installManyTop reading scoped package data from G:\git\scaujiwei\node_modules\ejs\package.json
12 verbose installManyTop reading scoped package data from G:\git\scaujiwei\node_modules\formidable\package.json
13 verbose installManyTop reading scoped package data from G:\git\scaujiwei\node_modules\generic-pool\package.json
14 verbose installManyTop reading scoped package data from G:\git\scaujiwei\node_modules\grunt\package.json
15 verbose installManyTop reading scoped package data from G:\git\scaujiwei\node_modules\grunt-bower-task\package.json
16 verbose installManyTop reading scoped package data from G:\git\scaujiwei\node_modules\grunt-contrib-concat\package.json
17 verbose installManyTop reading scoped package data from G:\git\scaujiwei\node_modules\grunt-contrib-jshint\package.json
18 verbose installManyTop reading scoped package data from G:\git\scaujiwei\node_modules\grunt-contrib-qunit\package.json
19 verbose installManyTop reading scoped package data from G:\git\scaujiwei\node_modules\grunt-contrib-uglify\package.json
20 verbose installManyTop reading scoped package data from G:\git\scaujiwei\node_modules\grunt-contrib-watch\package.json
21 verbose installManyTop reading scoped package data from G:\git\scaujiwei\node_modules\jade\package.json
22 verbose installManyTop reading scoped package data from G:\git\scaujiwei\node_modules\koa\package.json
23 verbose installManyTop reading scoped package data from G:\git\scaujiwei\node_modules\koa-convert\package.json
24 verbose installManyTop reading scoped package data from G:\git\scaujiwei\node_modules\koa-ejs\package.json
25 verbose installManyTop reading scoped package data from G:\git\scaujiwei\node_modules\koa-logger\package.json
26 verbose installManyTop reading scoped package data from G:\git\scaujiwei\node_modules\koa-route\package.json
27 verbose installManyTop reading scoped package data from G:\git\scaujiwei\node_modules\koa-router\package.json
28 verbose installManyTop reading scoped package data from G:\git\scaujiwei\node_modules\koa-static\package.json
29 verbose installManyTop reading scoped package data from G:\git\scaujiwei\node_modules\koa-views\package.json
30 verbose installManyTop reading scoped package data from G:\git\scaujiwei\node_modules\mongoose\package.json
31 verbose installManyTop reading scoped package data from G:\git\scaujiwei\node_modules\morgan\package.json
32 verbose installManyTop reading scoped package data from G:\git\scaujiwei\node_modules\node-uuid\package.json
33 verbose installManyTop reading scoped package data from G:\git\scaujiwei\node_modules\nodemailer\package.json
34 verbose installManyTop reading scoped package data from G:\git\scaujiwei\node_modules\serve-favicon\package.json
35 verbose installManyTop reading scoped package data from G:\git\scaujiwei\node_modules\stylus\package.json
36 info package.json connect-mongo@0.4.2 No license field.
37 info package.json cors@2.5.3 No license field.
38 info package.json debug@2.0.0 No license field.
39 info package.json ejs@1.0.0 No license field.
40 info package.json formidable@1.0.17 No license field.
41 info package.json grunt@0.4.5 No license field.
42 info package.json grunt-bower-task@0.4.0 No license field.
43 info package.json grunt-contrib-jshint@0.10.0 No license field.
44 info package.json grunt-contrib-qunit@0.5.2 No license field.
45 info package.json grunt-contrib-uglify@0.5.1 No license field.
46 info package.json grunt-contrib-concat@0.4.0 No license field.
47 info package.json grunt-contrib-watch@0.6.1 No license field.
48 info package.json node-uuid@1.4.7 No license field.
49 info package.json mongoose@3.8.37 No license field.
50 verbose readDependencies loading dependencies from G:\git\scaujiwei\package.json
51 silly cache add args [ 'koa-filter', null ]
52 verbose cache add spec koa-filter
53 silly cache add parsed spec Result {
53 silly cache add   raw: 'koa-filter',
53 silly cache add   scope: null,
53 silly cache add   name: 'koa-filter',
53 silly cache add   rawSpec: '',
53 silly cache add   spec: '*',
53 silly cache add   type: 'range' }
54 silly addNamed koa-filter@*
55 verbose addNamed "*" is a valid semver range for koa-filter
56 silly addNameRange { name: 'koa-filter', range: '*', hasData: false }
57 silly mapToRegistry name koa-filter
58 silly mapToRegistry using default registry
59 silly mapToRegistry registry https://registry.npmjs.org/
60 silly mapToRegistry uri https://registry.npmjs.org/koa-filter
61 verbose addNameRange registry:https://registry.npmjs.org/koa-filter not in flight; fetching
62 verbose request uri https://registry.npmjs.org/koa-filter
63 verbose request no auth needed
64 info attempt registry request try #1 at 21:33:36
65 verbose request id 6b5a2bb89c2cfbc7
66 http request GET https://registry.npmjs.org/koa-filter
67 http 404 https://registry.npmjs.org/koa-filter
68 verbose headers { 'content-type': 'application/json',
68 verbose headers   'cache-control': 'max-age=0',
68 verbose headers   'content-length': '2',
68 verbose headers   'accept-ranges': 'bytes',
68 verbose headers   date: 'Wed, 18 Nov 2015 13:33:39 GMT',
68 verbose headers   via: '1.1 varnish',
68 verbose headers   age: '0',
68 verbose headers   connection: 'keep-alive',
68 verbose headers   'x-served-by': 'cache-lax1422-LAX',
68 verbose headers   'x-cache': 'MISS',
68 verbose headers   'x-cache-hits': '0',
68 verbose headers   'x-timer': 'S1447853619.428547,VS0,VE81' }
69 silly get cb [ 404,
69 silly get   { 'content-type': 'application/json',
69 silly get     'cache-control': 'max-age=0',
69 silly get     'content-length': '2',
69 silly get     'accept-ranges': 'bytes',
69 silly get     date: 'Wed, 18 Nov 2015 13:33:39 GMT',
69 silly get     via: '1.1 varnish',
69 silly get     age: '0',
69 silly get     connection: 'keep-alive',
69 silly get     'x-served-by': 'cache-lax1422-LAX',
69 silly get     'x-cache': 'MISS',
69 silly get     'x-cache-hits': '0',
69 silly get     'x-timer': 'S1447853619.428547,VS0,VE81' } ]
70 verbose stack Error: Registry returned 404 for GET on https://registry.npmjs.org/koa-filter
70 verbose stack     at makeError (D:\Program Files\nodejs\node_modules\npm\node_modules\npm-registry-client\lib\request.js:263:12)
70 verbose stack     at CachingRegistryClient.<anonymous> (D:\Program Files\nodejs\node_modules\npm\node_modules\npm-registry-client\lib\request.js:241:14)
70 verbose stack     at Request._callback (D:\Program Files\nodejs\node_modules\npm\node_modules\npm-registry-client\lib\request.js:171:14)
70 verbose stack     at Request.self.callback (D:\Program Files\nodejs\node_modules\npm\node_modules\request\request.js:198:22)
70 verbose stack     at emitTwo (events.js:87:13)
70 verbose stack     at Request.emit (events.js:172:7)
70 verbose stack     at Request.<anonymous> (D:\Program Files\nodejs\node_modules\npm\node_modules\request\request.js:1073:14)
70 verbose stack     at emitOne (events.js:82:20)
70 verbose stack     at Request.emit (events.js:169:7)
70 verbose stack     at IncomingMessage.<anonymous> (D:\Program Files\nodejs\node_modules\npm\node_modules\request\request.js:1019:12)
71 verbose statusCode 404
72 verbose pkgid koa-filter
73 verbose cwd G:\git\scaujiwei
74 error Windows_NT 10.0.10240
75 error argv "D:\\Program Files\\nodejs\\node.exe" "D:\\Program Files\\nodejs\\node_modules\\npm\\bin\\npm-cli.js" "install" "koa-filter"
76 error node v4.0.0
77 error npm  v2.14.2
78 error code E404
79 error 404 Registry returned 404 for GET on https://registry.npmjs.org/koa-filter
79 error 404
79 error 404 'koa-filter' is not in the npm registry.
79 error 404 You should bug the author to publish it (or use the name yourself!)
79 error 404 It was specified as a dependency of 'jiwei'
79 error 404
79 error 404 Note that you can also install from a
79 error 404 tarball, folder, http url, or git url.
80 verbose exit [ 1, true ]
